2025-06-16 11:36:01,332 - Ignored SMS: *164*S*Y'ello,A transaction of 25000 RWF by DIRECT PAYMENT LTD  on your MOMO account was successfull...
2025-06-16 11:36:01,338 - Ignored SMS: You Abebe Chala CHEBUDIE (*********036) have via agent: Agent Sophia (250790777777), withdrawn 20000...
2025-06-16 11:36:01,339 - Ignored SMS: <#> Dear Customer, your MTN MoMo application one-time password is :2476.MTN MoMo does not recommend ...
2025-06-16 11:36:01,340 - Ignored SMS: <#> Dear Customer, your MTN MoMo application one-time password is :2527.MTN MoMo does not recommend ...
2025-06-16 11:36:01,341 - Ignored SMS: <#> Dear Customer, your MTN MoMo application one-time password is :2900.MTN MoMo does not recommend ...
2025-06-16 11:36:01,342 - Ignored SMS: *162*TxId:14103506143*S*Your payment of 4000 RWF to MTN Cash Power with token 72962-79980-44699-0607...
2025-06-16 11:36:01,343 - Ignored SMS: <#> Dear Customer, your MTN MoMo application one-time password is :9591.MTN MoMo does not recommend ...
2025-06-16 11:36:01,344 - Ignored SMS: <#> Dear Customer, your MTN MoMo application one-time password is :4666.MTN MoMo does not recommend ...
2025-06-16 11:36:01,346 - Ignored SMS: <#> Dear Customer, your MTN MoMo application one-time password is :0086.MTN MoMo does not recommend ...
2025-06-16 11:36:01,355 - Ignored SMS: *164*S*Y'ello,A transaction of 600 RWF by INFORMATION TECHNOLOGY  ENGINEERING CONSTRUCTION   ITEC Lt...
2025-06-16 11:36:01,357 - Ignored SMS: *162*TxId:14264876273*S*Your payment of 2000 RWF to MTN Cash Power with token 06476-53398-98517-0670...
2025-06-16 11:36:01,358 - Ignored SMS: Yello!Umaze kugura 2000Rwf(1GB)/30days igura 2,000 RWF...
2025-06-16 11:36:01,358 - Ignored SMS: *162*TxId:14324965479*S*Your payment of 2000 RWF to Bundles and Packs with token  has been completed...
2025-06-16 11:36:01,362 - Ignored SMS: *164*S*Y'ello,A transaction of 25000 RWF by DIRECT PAYMENT LTD  on your MOMO account was successfull...
2025-06-16 11:36:01,368 - Ignored SMS: *164*S*Y'ello,A transaction of 8000 RWF by ESICIA LTD KPAY on your MOMO account was successfully com...
2025-06-16 11:36:01,370 - Ignored SMS: *164*S*Y'ello,A transaction of 5000 RWF by Future Dynamic  Innovations ltd on your MOMO account was ...
2025-06-16 11:36:01,372 - Ignored SMS: *162*TxId:14405681742*S*Your payment of 1000 RWF to MTN Cash Power with token 40296-92192-79801-4611...
2025-06-16 11:36:01,374 - Ignored SMS: Yello!Umaze kugura 2,000FRW(2GB) igura 2,000 RWF...
2025-06-16 11:36:01,375 - Ignored SMS: *162*TxId:14443130677*S*Your payment of 2000 RWF to Bundles and Packs with token  has been completed...
2025-06-16 11:36:01,376 - Ignored SMS: *162*TxId:14469963984*S*Your payment of 2000 RWF to MTN Cash Power with token 09779-88882-62297-7874...
2025-06-16 11:36:01,385 - Ignored SMS: *162*TxId:14540224719*S*Your payment of 1000 RWF to MTN Cash Power with token 70836-02982-06384-2814...
2025-06-16 11:36:01,389 - Ignored SMS: *162*TxId:14569120894*S*Your payment of 2000 RWF to Bundles and Packs with token  has been completed...
2025-06-16 11:36:01,389 - Ignored SMS: Yello!Umaze kugura 2,000FRW(2GB) igura 2,000 RWF...
2025-06-16 11:36:01,391 - Ignored SMS: *164*S*Y'ello,A transaction of 20000 RWF by INTOUCH COMMUNICATIONS  LTD on your MOMO account was suc...
2025-06-16 11:36:01,395 - Ignored SMS: *164*S*Y'ello,A transaction of 20000 RWF by INTOUCH COMMUNICATIONS  LTD on your MOMO account was suc...
2025-06-16 11:36:01,404 - Ignored SMS: *162*TxId:14655104674*S*Your payment of 500 RWF to Bundles and Packs with token  has been completed ...
2025-06-16 11:36:01,405 - Ignored SMS: Yello!Umaze kugura 500FRW(800MB) igura 500 RWF...
2025-06-16 11:36:01,409 - Ignored SMS: *162*TxId:14756781450*S*Your payment of 500 RWF to Bundles and Packs with token  has been completed ...
2025-06-16 11:36:01,409 - Ignored SMS: Yello!Umaze kugura 500FRW(800MB) igura 500 RWF...
2025-06-16 11:36:01,412 - Ignored SMS: *164*S*Y'ello,A transaction of 2000 RWF by Data Bundle MTN on your MOMO account was successfully com...
2025-06-16 11:36:01,417 - Ignored SMS: A reversal has been initiated for your transaction to Mediatrice UWAYISENGA (250788658286) with 3000...
2025-06-16 11:36:01,418 - Ignored SMS: *162*TxId:14909215103*S*Your payment of 200 RWF to Bundles and Packs with token  has been completed ...
2025-06-16 11:36:01,418 - Ignored SMS: Yello!Umaze kugura 200Rwf(50MB) igura 200 RWF...
2025-06-16 11:36:01,419 - Ignored SMS: Yello!Umaze kugura 500FRW(800MB) igura 500 RWF...
2025-06-16 11:36:01,420 - Ignored SMS: *162*TxId:14940294542*S*Your payment of 500 RWF to Bundles and Packs with token  has been completed ...
2025-06-16 11:36:01,422 - Ignored SMS: Yello!Umaze kugura 2000Rwf(1.5GB) igura 2,000 RWF...
2025-06-16 11:36:01,422 - Ignored SMS: *162*TxId:14969968017*S*Your payment of 2000 RWF to Bundles and Packs with token  has been completed...
2025-06-16 11:36:01,424 - Ignored SMS: *162*TxId:14977177408*S*Your payment of 673000 RWF to ONAFRIQ MAURITIUS with token  has been complet...
2025-06-16 11:36:01,426 - Ignored SMS: *162*TxId:14977293553*S*Your payment of 45000 RWF to ONAFRIQ MAURITIUS with token  has been complete...
2025-06-16 11:36:01,428 - Ignored SMS: *162*TxId:14977386817*S*Your payment of 50000 RWF to ONAFRIQ MAURITIUS with token  has been complete...
2025-06-16 11:36:01,432 - Ignored SMS: *162*TxId:15064161618*S*Your payment of 3000 RWF to Bundles and Packs with token  has been completed...
2025-06-16 11:36:01,433 - Ignored SMS: Yello!Umaze kugura 3000Frw=2500Mins+100SMS igura 3,000 RWF...
2025-06-16 11:36:01,434 - Ignored SMS: Yello!Umaze kugura 500FRW(800MB) igura 500 RWF...
2025-06-16 11:36:01,435 - Ignored SMS: *162*TxId:15070248766*S*Your payment of 500 RWF to Bundles and Packs with token  has been completed ...
2025-06-16 11:36:01,436 - Ignored SMS: *162*TxId:15097735991*S*Your payment of 1000 RWF to Bundles and Packs with token  has been completed...
2025-06-16 11:36:01,437 - Ignored SMS: Yello!Umaze kugura 1000Rwf(1GB) igura 1,000 RWF...
2025-06-16 11:36:01,438 - Ignored SMS: *162*TxId:15126906031*S*Your payment of 200 RWF to Bundles and Packs with token  has been completed ...
2025-06-16 11:36:01,439 - Ignored SMS: Yello!Umaze kugura 200Rwf(50MB) igura 200 RWF...
2025-06-16 11:36:01,439 - Ignored SMS: Yello!Umaze kugura 1,000FRW(2200MB) igura 1,000 RWF...
2025-06-16 11:36:01,440 - Ignored SMS: *162*TxId:15146128209*S*Your payment of 1000 RWF to Bundles and Packs with token  has been completed...
2025-06-16 11:36:01,443 - Ignored SMS: *162*TxId:15178525743*S*Your payment of 1000 RWF to Bundles and Packs with token  has been completed...
2025-06-16 11:36:01,443 - Ignored SMS: Yello!Umaze kugura 1,000FRW(2200MB) igura 1,000 RWF...
2025-06-16 11:36:01,444 - Ignored SMS: *162*TxId:15183763430*S*Your payment of 2000 RWF to ONAFRIQ MAURITIUS with token  has been completed...
2025-06-16 11:36:01,446 - Ignored SMS: *162*TxId:15204526240*S*Your payment of 90000 RWF to ONAFRIQ MAURITIUS with token  has been complete...
2025-06-16 11:36:01,447 - Ignored SMS: <#> Dear Customer, your MTN MoMo application one-time password is :2632.MTN MoMo does not recommend ...
2025-06-16 11:36:01,449 - Ignored SMS: <#> Dear Customer, your MTN MoMo application one-time password is :1827.MTN MoMo does not recommend ...
2025-06-16 11:36:01,449 - Ignored SMS: 1) 2024-08-23 DEPOSIT RWF 25000 Receiver: 250795963036 Sender:  Fee: RWF...
2025-06-16 11:36:01,456 - Ignored SMS: *162*TxId:15475262766*S*Your payment of 5000 RWF to Bundles and Packs with token  has been completed...
2025-06-16 11:36:01,457 - Ignored SMS: Yello!Umaze kugura 5,000FRW(7GB) igura 5,000 RWF...
2025-06-16 11:36:01,460 - Ignored SMS: *162*TxId:15507397966*S*Your payment of 5000 RWF to MTN Cash Power with token 40189-29433-02084-4122...
2025-06-16 11:36:01,467 - Ignored SMS: *164*S*Y'ello,A transaction of 5000 RWF by Data Bundle MTN on your MOMO account was successfully com...
2025-06-16 11:36:01,469 - Ignored SMS: *162*TxId:15611958408*S*Your payment of 20000 RWF to MTN Cash Power with token 45758-92310-31845-023...
2025-06-16 11:36:01,472 - Ignored SMS: *164*S*Y'ello,A transaction of 20000 RWF by INTOUCH COMMUNICATIONS  LTD on your MOMO account was suc...
2025-06-16 11:36:01,476 - Ignored SMS: *162*TxId:15681666953*S*Your payment of 3000 RWF to Bundles and Packs with token  has been completed...
2025-06-16 11:36:01,476 - Ignored SMS: Yello!Umaze kugura 3000Frw=2500Mins+100SMS igura 3,000 RWF...
2025-06-16 11:36:01,483 - Ignored SMS: *164*S*Y'ello,A transaction of 10500 RWF by ESICIA LTD KPAY on your MOMO account was successfully co...
2025-06-16 11:36:01,486 - Ignored SMS: *162*TxId:15783543056*S*Your payment of 5000 RWF to Bundles and Packs with token  has been completed...
2025-06-16 11:36:01,486 - Ignored SMS: Yello!Umaze kugura 5,000FRW(7GB) igura 5,000 RWF...
2025-06-16 11:36:01,489 - Ignored SMS: *143*R*Y'ello, the transaction with amount 14200 RWF for ESICIA LTD with message: 173487417269258535...
2025-06-16 11:36:01,492 - Ignored SMS: *164*S*Y'ello,A transaction of 200 RWF by INFORMATION TECHNOLOGY  ENGINEERING CONSTRUCTION   ITEC Lt...
2025-06-16 11:36:01,497 - Ignored SMS: *164*S*Y'ello,A transaction of 5000 RWF by Data Bundle MTN on your MOMO account was successfully com...
2025-06-16 11:36:01,499 - Ignored SMS: *164*S*Y'ello,A transaction of 13000 RWF by ESICIA LTD KPAY on your MOMO account was successfully co...
2025-06-16 11:36:01,501 - Ignored SMS: *162*TxId:16016087305*S*Your payment of 10000 RWF to MTN Cash Power with token 65361-75345-33963-168...
2025-06-16 11:36:01,503 - Ignored SMS: *164*S*Y'ello,A transaction of 25000 RWF by IREMBO Ltd on your MOMO account was successfully complet...
2025-06-16 11:36:01,505 - Ignored SMS: *164*S*Y'ello,A transaction of 5000 RWF by Data Bundle MTN on your MOMO account was successfully com...
2025-06-16 11:36:01,507 - Ignored SMS: *143*S*Your transaction to Mediatrice UWAYISENGA (250788658286) with 3000 RWF has been reversed at 2...
2025-06-16 11:36:01,510 - Ignored SMS: *143*R*Y'ello, the transaction with amount 11600 RWF for ESICIA LTD with message: 176305517286473205...
2025-06-16 11:36:01,512 - Ignored SMS: *164*S*Y'ello,A transaction of 11600 RWF by ESICIA LTD on your MOMO account was successfully complet...
2025-06-16 11:36:01,515 - Ignored SMS: *164*S*Y'ello,A transaction of 5000 RWF by Data Bundle MTN on your MOMO account was successfully com...
2025-06-16 11:36:01,516 - Ignored SMS: Yello!Umaze kugura 3000Frw=2500Mins+100SMS igura 3,000 RWF...
2025-06-16 11:36:01,518 - Ignored SMS: *162*TxId:16211799078*S*Your payment of 3000 RWF to Bundles and Packs with token  has been completed...
2025-06-16 11:36:01,520 - Ignored SMS: *164*S*Y'ello,A transaction of 5000 RWF by Data Bundle MTN on your MOMO account was successfully com...
2025-06-16 11:36:01,523 - Ignored SMS: *164*S*Y'ello,A transaction of 5000 RWF by IREMBO Ltd on your MOMO account was successfully complete...
2025-06-16 11:36:01,525 - Ignored SMS: *164*S*Y'ello,A transaction of 10000 RWF by Data Bundle MTN on your MOMO account was successfully co...
2025-06-16 11:36:01,526 - Ignored SMS: You have transferred 50000 RWF to Linda Green (250795963036) from your mobile money account 20077201...
2025-06-16 11:36:01,527 - Ignored SMS: You have transferred 50000 RWF to Robert Brown (250795963036) from your mobile money account 2007720...
2025-06-16 11:36:01,531 - Ignored SMS: You have transferred 20000 RWF to Jane Smith (250795963036) from your mobile money account 200772010...
2025-06-16 11:36:01,532 - Ignored SMS: You have transferred 20000 RWF to Samuel Carter (250795963036) from your mobile money account 200772...
2025-06-16 11:36:01,534 - Ignored SMS: You have transferred 50000 RWF to Robert Brown (250795963036) from your mobile money account 2007720...
2025-06-16 11:36:01,537 - Ignored SMS: Your payment of 8000 RWF to Cynthia UMUGANWA (250790698110) has been completed at 2024-10-29 13:18:0...
2025-06-16 11:36:01,539 - Ignored SMS: Your payment of 8400 RWF to Dieudonne MUGIRANEZA (250789447277) has been completed at 2024-10-29 23:...
2025-06-16 11:36:01,542 - Ignored SMS: *164*S*Y'ello,A transaction of 10000 RWF by INTOUCH COMMUNICATIONS  LTD on your MOMO account was suc...
2025-06-16 11:36:01,547 - Ignored SMS: You have transferred 10000 RWF to Jane Smith (250795963036) from your mobile money account 200772010...
2025-06-16 11:36:01,550 - Ignored SMS: *164*S*Y'ello,A transaction of 5000 RWF by Data Bundle MTN on your MOMO account was successfully com...
2025-06-16 11:36:01,554 - Ignored SMS: *143*TxId:16803066185*S*Your payment of 5000 RWF to Bundles and Packs with token  has failed at 2024...
2025-06-16 11:36:01,555 - Ignored SMS: *143*TxId:16803076383*S*Your payment of 5000 RWF to Bundles and Packs with token  has failed at 2024...
2025-06-16 11:36:01,555 - Ignored SMS: *143*R*Y'ello, the transaction with amount 5000 RWF for Data Bundle MTN with message:  failed at 202...
2025-06-16 11:36:01,557 - Ignored SMS: *164*S*Y'ello,A transaction of 5000 RWF by Data Bundle MTN on your MOMO account was successfully com...
2025-06-16 11:36:01,557 - Ignored SMS: Yello!Umaze kugura 2000Frw=1000Mins+50SMS igura 2,000 RWF...
2025-06-16 11:36:01,558 - Ignored SMS: *162*TxId:16813007600*S*Your payment of 2000 RWF to Bundles and Packs with token  has been completed...
2025-06-16 11:36:01,560 - Ignored SMS: *164*S*Y'ello,A transaction of 10000 RWF by Data Bundle MTN on your MOMO account was successfully co...
2025-06-16 11:36:01,565 - Ignored SMS: You Abebe Chala CHEBUDIE (*********036) have via agent: Agent Sophia (250788999999), withdrawn 50000...
2025-06-16 11:36:01,567 - Ignored SMS: You Abebe Chala CHEBUDIE (*********036) have via agent: Agent John (250788999999), withdrawn 24000 R...
2025-06-16 11:36:01,572 - Ignored SMS: *162*TxId:17140081149*S*Your payment of 2000 RWF to MTN Cash Power with token 50919-80431-28076-8513...
2025-06-16 11:36:01,573 - Ignored SMS: *164*S*Y'ello,A transaction of 5000 RWF by Data Bundle MTN on your MOMO account was successfully com...
2025-06-16 11:36:01,575 - Ignored SMS: *164*S*Y'ello,A transaction of 200 RWF by INFORMATION TECHNOLOGY  ENGINEERING CONSTRUCTION   ITEC Lt...
2025-06-16 11:36:01,579 - Ignored SMS: *164*S*Y'ello,A transaction of 300 RWF by INFORMATION TECHNOLOGY  ENGINEERING CONSTRUCTION   ITEC Lt...
2025-06-16 11:36:01,581 - Ignored SMS: *164*S*Y'ello,A transaction of 10000 RWF by Data Bundle MTN on your MOMO account was successfully co...
2025-06-16 11:36:01,584 - Ignored SMS: *164*S*Y'ello,A transaction of 400 RWF by INFORMATION TECHNOLOGY  ENGINEERING CONSTRUCTION   ITEC Lt...
2025-06-16 11:36:01,586 - Ignored SMS: *164*S*Y'ello,A transaction of 300 RWF by INFORMATION TECHNOLOGY  ENGINEERING CONSTRUCTION   ITEC Lt...
2025-06-16 11:36:01,588 - Ignored SMS: *164*S*Y'ello,A transaction of 900 RWF by INFORMATION TECHNOLOGY  ENGINEERING CONSTRUCTION   ITEC Lt...
2025-06-16 11:36:01,590 - Ignored SMS: *162*TxId:17344287393*S*Your payment of 4000 RWF to MTN Cash Power with token 13020-24529-63630-2767...
2025-06-16 11:36:01,591 - Ignored SMS: Yello!Umaze kugura 3000Frw=2500Mins+100SMS igura 3,000 RWF...
2025-06-16 11:36:01,592 - Ignored SMS: *162*TxId:17417124626*S*Your payment of 3000 RWF to Bundles and Packs with token  has been completed...
2025-06-16 11:36:01,595 - Ignored SMS: *164*S*Y'ello,A transaction of 10000 RWF by Data Bundle MTN on your MOMO account was successfully co...
2025-06-16 11:36:01,602 - Ignored SMS: *162*TxId:17708814651*S*Your payment of 10000 RWF to MTN Cash Power with token 55566-87602-29972-881...
2025-06-16 11:36:01,604 - Ignored SMS: *164*S*Y'ello,A transaction of 10000 RWF by Data Bundle MTN on your MOMO account was successfully co...
2025-06-16 11:36:01,606 - Ignored SMS: *162*TxId:17841214930*S*Your payment of 322726 RWF to WASAC with token 888931 has been completed at ...
2025-06-16 11:36:01,611 - Ignored SMS: *164*S*Y'ello,A transaction of 5000 RWF by Data Bundle MTN on your MOMO account was successfully com...
2025-06-16 11:36:01,614 - Ignored SMS: *162*TxId:18064613724*S*Your payment of 3000 RWF to Bundles and Packs with token  has been completed...
2025-06-16 11:36:01,615 - Ignored SMS: Yello!Umaze kugura 3000Frw=2500Mins+100SMS igura 3,000 RWF...
2025-06-16 11:36:01,617 - Ignored SMS: *164*S*Y'ello,A transaction of 10000 RWF by Data Bundle MTN on your MOMO account was successfully co...
2025-06-16 17:46:43,650 - Ignored SMS: *164*S*Y'ello,A transaction of 25000 RWF by DIRECT PAYMENT LTD  on your MOMO account was successfull...
2025-06-16 17:46:43,658 - Ignored SMS: You Abebe Chala CHEBUDIE (*********036) have via agent: Agent Sophia (250790777777), withdrawn 20000...
2025-06-16 17:46:43,659 - Ignored SMS: <#> Dear Customer, your MTN MoMo application one-time password is :2476.MTN MoMo does not recommend ...
2025-06-16 17:46:43,659 - Ignored SMS: <#> Dear Customer, your MTN MoMo application one-time password is :2527.MTN MoMo does not recommend ...
2025-06-16 17:46:43,660 - Ignored SMS: <#> Dear Customer, your MTN MoMo application one-time password is :2900.MTN MoMo does not recommend ...
2025-06-16 17:46:43,661 - Ignored SMS: *162*TxId:14103506143*S*Your payment of 4000 RWF to MTN Cash Power with token 72962-79980-44699-0607...
2025-06-16 17:46:43,662 - Ignored SMS: <#> Dear Customer, your MTN MoMo application one-time password is :9591.MTN MoMo does not recommend ...
2025-06-16 17:46:43,663 - Ignored SMS: <#> Dear Customer, your MTN MoMo application one-time password is :4666.MTN MoMo does not recommend ...
2025-06-16 17:46:43,664 - Ignored SMS: <#> Dear Customer, your MTN MoMo application one-time password is :0086.MTN MoMo does not recommend ...
2025-06-16 17:46:43,671 - Ignored SMS: *164*S*Y'ello,A transaction of 600 RWF by INFORMATION TECHNOLOGY  ENGINEERING CONSTRUCTION   ITEC Lt...
2025-06-16 17:46:43,673 - Ignored SMS: *162*TxId:14264876273*S*Your payment of 2000 RWF to MTN Cash Power with token 06476-53398-98517-0670...
2025-06-16 17:46:43,674 - Ignored SMS: Yello!Umaze kugura 2000Rwf(1GB)/30days igura 2,000 RWF...
2025-06-16 17:46:43,676 - Ignored SMS: *162*TxId:14324965479*S*Your payment of 2000 RWF to Bundles and Packs with token  has been completed...
2025-06-16 17:46:43,680 - Ignored SMS: *164*S*Y'ello,A transaction of 25000 RWF by DIRECT PAYMENT LTD  on your MOMO account was successfull...
2025-06-16 17:46:43,683 - Ignored SMS: *164*S*Y'ello,A transaction of 8000 RWF by ESICIA LTD KPAY on your MOMO account was successfully com...
2025-06-16 17:46:43,686 - Ignored SMS: *164*S*Y'ello,A transaction of 5000 RWF by Future Dynamic  Innovations ltd on your MOMO account was ...
2025-06-16 17:46:43,687 - Ignored SMS: *162*TxId:14405681742*S*Your payment of 1000 RWF to MTN Cash Power with token 40296-92192-79801-4611...
2025-06-16 17:46:43,689 - Ignored SMS: Yello!Umaze kugura 2,000FRW(2GB) igura 2,000 RWF...
2025-06-16 17:46:43,690 - Ignored SMS: *162*TxId:14443130677*S*Your payment of 2000 RWF to Bundles and Packs with token  has been completed...
2025-06-16 17:46:43,691 - Ignored SMS: *162*TxId:14469963984*S*Your payment of 2000 RWF to MTN Cash Power with token 09779-88882-62297-7874...
2025-06-16 17:46:43,696 - Ignored SMS: *162*TxId:14540224719*S*Your payment of 1000 RWF to MTN Cash Power with token 70836-02982-06384-2814...
2025-06-16 17:46:43,698 - Ignored SMS: *162*TxId:14569120894*S*Your payment of 2000 RWF to Bundles and Packs with token  has been completed...
2025-06-16 17:46:43,699 - Ignored SMS: Yello!Umaze kugura 2,000FRW(2GB) igura 2,000 RWF...
2025-06-16 17:46:43,700 - Ignored SMS: *164*S*Y'ello,A transaction of 20000 RWF by INTOUCH COMMUNICATIONS  LTD on your MOMO account was suc...
2025-06-16 17:46:43,704 - Ignored SMS: *164*S*Y'ello,A transaction of 20000 RWF by INTOUCH COMMUNICATIONS  LTD on your MOMO account was suc...
2025-06-16 17:46:43,709 - Ignored SMS: *162*TxId:14655104674*S*Your payment of 500 RWF to Bundles and Packs with token  has been completed ...
2025-06-16 17:46:43,710 - Ignored SMS: Yello!Umaze kugura 500FRW(800MB) igura 500 RWF...
2025-06-16 17:46:43,735 - Ignored SMS: *162*TxId:14756781450*S*Your payment of 500 RWF to Bundles and Packs with token  has been completed ...
2025-06-16 17:46:43,736 - Ignored SMS: Yello!Umaze kugura 500FRW(800MB) igura 500 RWF...
2025-06-16 17:46:43,743 - Ignored SMS: *164*S*Y'ello,A transaction of 2000 RWF by Data Bundle MTN on your MOMO account was successfully com...
2025-06-16 17:46:43,758 - Ignored SMS: A reversal has been initiated for your transaction to Mediatrice UWAYISENGA (250788658286) with 3000...
2025-06-16 17:46:43,760 - Ignored SMS: *162*TxId:14909215103*S*Your payment of 200 RWF to Bundles and Packs with token  has been completed ...
2025-06-16 17:46:43,760 - Ignored SMS: Yello!Umaze kugura 200Rwf(50MB) igura 200 RWF...
2025-06-16 17:46:43,765 - Ignored SMS: Yello!Umaze kugura 500FRW(800MB) igura 500 RWF...
2025-06-16 17:46:43,767 - Ignored SMS: *162*TxId:14940294542*S*Your payment of 500 RWF to Bundles and Packs with token  has been completed ...
2025-06-16 17:46:43,771 - Ignored SMS: Yello!Umaze kugura 2000Rwf(1.5GB) igura 2,000 RWF...
2025-06-16 17:46:43,773 - Ignored SMS: *162*TxId:14969968017*S*Your payment of 2000 RWF to Bundles and Packs with token  has been completed...
2025-06-16 17:46:43,776 - Ignored SMS: *162*TxId:14977177408*S*Your payment of 673000 RWF to ONAFRIQ MAURITIUS with token  has been complet...
2025-06-16 17:46:43,778 - Ignored SMS: *162*TxId:14977293553*S*Your payment of 45000 RWF to ONAFRIQ MAURITIUS with token  has been complete...
2025-06-16 17:46:43,780 - Ignored SMS: *162*TxId:14977386817*S*Your payment of 50000 RWF to ONAFRIQ MAURITIUS with token  has been complete...
2025-06-16 17:46:43,784 - Ignored SMS: *162*TxId:15064161618*S*Your payment of 3000 RWF to Bundles and Packs with token  has been completed...
2025-06-16 17:46:43,784 - Ignored SMS: Yello!Umaze kugura 3000Frw=2500Mins+100SMS igura 3,000 RWF...
2025-06-16 17:46:43,785 - Ignored SMS: Yello!Umaze kugura 500FRW(800MB) igura 500 RWF...
2025-06-16 17:46:43,786 - Ignored SMS: *162*TxId:15070248766*S*Your payment of 500 RWF to Bundles and Packs with token  has been completed ...
2025-06-16 17:46:43,788 - Ignored SMS: *162*TxId:15097735991*S*Your payment of 1000 RWF to Bundles and Packs with token  has been completed...
2025-06-16 17:46:43,788 - Ignored SMS: Yello!Umaze kugura 1000Rwf(1GB) igura 1,000 RWF...
2025-06-16 17:46:43,790 - Ignored SMS: *162*TxId:15126906031*S*Your payment of 200 RWF to Bundles and Packs with token  has been completed ...
2025-06-16 17:46:43,800 - Ignored SMS: Yello!Umaze kugura 200Rwf(50MB) igura 200 RWF...
2025-06-16 17:46:43,802 - Ignored SMS: Yello!Umaze kugura 1,000FRW(2200MB) igura 1,000 RWF...
2025-06-16 17:46:43,804 - Ignored SMS: *162*TxId:15146128209*S*Your payment of 1000 RWF to Bundles and Packs with token  has been completed...
2025-06-16 17:46:43,809 - Ignored SMS: *162*TxId:15178525743*S*Your payment of 1000 RWF to Bundles and Packs with token  has been completed...
2025-06-16 17:46:43,809 - Ignored SMS: Yello!Umaze kugura 1,000FRW(2200MB) igura 1,000 RWF...
2025-06-16 17:46:43,811 - Ignored SMS: *162*TxId:15183763430*S*Your payment of 2000 RWF to ONAFRIQ MAURITIUS with token  has been completed...
2025-06-16 17:46:43,813 - Ignored SMS: *162*TxId:15204526240*S*Your payment of 90000 RWF to ONAFRIQ MAURITIUS with token  has been complete...
2025-06-16 17:46:43,814 - Ignored SMS: <#> Dear Customer, your MTN MoMo application one-time password is :2632.MTN MoMo does not recommend ...
2025-06-16 17:46:43,814 - Ignored SMS: <#> Dear Customer, your MTN MoMo application one-time password is :1827.MTN MoMo does not recommend ...
2025-06-16 17:46:43,815 - Ignored SMS: 1) 2024-08-23 DEPOSIT RWF 25000 Receiver: 250795963036 Sender:  Fee: RWF...
2025-06-16 17:46:43,818 - Ignored SMS: *162*TxId:15475262766*S*Your payment of 5000 RWF to Bundles and Packs with token  has been completed...
2025-06-16 17:46:43,818 - Ignored SMS: Yello!Umaze kugura 5,000FRW(7GB) igura 5,000 RWF...
2025-06-16 17:46:43,820 - Ignored SMS: *162*TxId:15507397966*S*Your payment of 5000 RWF to MTN Cash Power with token 40189-29433-02084-4122...
2025-06-16 17:46:43,826 - Ignored SMS: *164*S*Y'ello,A transaction of 5000 RWF by Data Bundle MTN on your MOMO account was successfully com...
2025-06-16 17:46:43,827 - Ignored SMS: *162*TxId:15611958408*S*Your payment of 20000 RWF to MTN Cash Power with token 45758-92310-31845-023...
2025-06-16 17:46:43,830 - Ignored SMS: *164*S*Y'ello,A transaction of 20000 RWF by INTOUCH COMMUNICATIONS  LTD on your MOMO account was suc...
2025-06-16 17:46:43,834 - Ignored SMS: *162*TxId:15681666953*S*Your payment of 3000 RWF to Bundles and Packs with token  has been completed...
2025-06-16 17:46:43,834 - Ignored SMS: Yello!Umaze kugura 3000Frw=2500Mins+100SMS igura 3,000 RWF...
2025-06-16 17:46:43,839 - Ignored SMS: *164*S*Y'ello,A transaction of 10500 RWF by ESICIA LTD KPAY on your MOMO account was successfully co...
2025-06-16 17:46:43,841 - Ignored SMS: *162*TxId:15783543056*S*Your payment of 5000 RWF to Bundles and Packs with token  has been completed...
2025-06-16 17:46:43,841 - Ignored SMS: Yello!Umaze kugura 5,000FRW(7GB) igura 5,000 RWF...
2025-06-16 17:46:43,844 - Ignored SMS: *143*R*Y'ello, the transaction with amount 14200 RWF for ESICIA LTD with message: 173487417269258535...
2025-06-16 17:46:43,848 - Ignored SMS: *164*S*Y'ello,A transaction of 200 RWF by INFORMATION TECHNOLOGY  ENGINEERING CONSTRUCTION   ITEC Lt...
2025-06-16 17:46:43,851 - Ignored SMS: *164*S*Y'ello,A transaction of 5000 RWF by Data Bundle MTN on your MOMO account was successfully com...
2025-06-16 17:46:43,853 - Ignored SMS: *164*S*Y'ello,A transaction of 13000 RWF by ESICIA LTD KPAY on your MOMO account was successfully co...
2025-06-16 17:46:43,855 - Ignored SMS: *162*TxId:16016087305*S*Your payment of 10000 RWF to MTN Cash Power with token 65361-75345-33963-168...
2025-06-16 17:46:43,857 - Ignored SMS: *164*S*Y'ello,A transaction of 25000 RWF by IREMBO Ltd on your MOMO account was successfully complet...
2025-06-16 17:46:43,860 - Ignored SMS: *164*S*Y'ello,A transaction of 5000 RWF by Data Bundle MTN on your MOMO account was successfully com...
2025-06-16 17:46:43,862 - Ignored SMS: *143*S*Your transaction to Mediatrice UWAYISENGA (250788658286) with 3000 RWF has been reversed at 2...
2025-06-16 17:46:43,864 - Ignored SMS: *143*R*Y'ello, the transaction with amount 11600 RWF for ESICIA LTD with message: 176305517286473205...
2025-06-16 17:46:43,866 - Ignored SMS: *164*S*Y'ello,A transaction of 11600 RWF by ESICIA LTD on your MOMO account was successfully complet...
2025-06-16 17:46:43,867 - Ignored SMS: *164*S*Y'ello,A transaction of 5000 RWF by Data Bundle MTN on your MOMO account was successfully com...
2025-06-16 17:46:43,869 - Ignored SMS: Yello!Umaze kugura 3000Frw=2500Mins+100SMS igura 3,000 RWF...
2025-06-16 17:46:43,869 - Ignored SMS: *162*TxId:16211799078*S*Your payment of 3000 RWF to Bundles and Packs with token  has been completed...
2025-06-16 17:46:43,872 - Ignored SMS: *164*S*Y'ello,A transaction of 5000 RWF by Data Bundle MTN on your MOMO account was successfully com...
2025-06-16 17:46:43,874 - Ignored SMS: *164*S*Y'ello,A transaction of 5000 RWF by IREMBO Ltd on your MOMO account was successfully complete...
2025-06-16 17:46:43,876 - Ignored SMS: *164*S*Y'ello,A transaction of 10000 RWF by Data Bundle MTN on your MOMO account was successfully co...
2025-06-16 17:46:43,878 - Ignored SMS: You have transferred 50000 RWF to Linda Green (250795963036) from your mobile money account 20077201...
2025-06-16 17:46:43,879 - Ignored SMS: You have transferred 50000 RWF to Robert Brown (250795963036) from your mobile money account 2007720...
2025-06-16 17:46:43,881 - Ignored SMS: You have transferred 20000 RWF to Jane Smith (250795963036) from your mobile money account 200772010...
2025-06-16 17:46:43,882 - Ignored SMS: You have transferred 20000 RWF to Samuel Carter (250795963036) from your mobile money account 200772...
2025-06-16 17:46:43,883 - Ignored SMS: You have transferred 50000 RWF to Robert Brown (250795963036) from your mobile money account 2007720...
2025-06-16 17:46:43,885 - Ignored SMS: Your payment of 8000 RWF to Cynthia UMUGANWA (250790698110) has been completed at 2024-10-29 13:18:0...
2025-06-16 17:46:43,886 - Ignored SMS: Your payment of 8400 RWF to Dieudonne MUGIRANEZA (250789447277) has been completed at 2024-10-29 23:...
2025-06-16 17:46:43,891 - Ignored SMS: *164*S*Y'ello,A transaction of 10000 RWF by INTOUCH COMMUNICATIONS  LTD on your MOMO account was suc...
2025-06-16 17:46:43,895 - Ignored SMS: You have transferred 10000 RWF to Jane Smith (250795963036) from your mobile money account 200772010...
2025-06-16 17:46:43,896 - Ignored SMS: *164*S*Y'ello,A transaction of 5000 RWF by Data Bundle MTN on your MOMO account was successfully com...
2025-06-16 17:46:43,900 - Ignored SMS: *143*TxId:16803066185*S*Your payment of 5000 RWF to Bundles and Packs with token  has failed at 2024...
2025-06-16 17:46:43,900 - Ignored SMS: *143*TxId:16803076383*S*Your payment of 5000 RWF to Bundles and Packs with token  has failed at 2024...
2025-06-16 17:46:43,901 - Ignored SMS: *143*R*Y'ello, the transaction with amount 5000 RWF for Data Bundle MTN with message:  failed at 202...
2025-06-16 17:46:43,902 - Ignored SMS: *164*S*Y'ello,A transaction of 5000 RWF by Data Bundle MTN on your MOMO account was successfully com...
2025-06-16 17:46:43,903 - Ignored SMS: Yello!Umaze kugura 2000Frw=1000Mins+50SMS igura 2,000 RWF...
2025-06-16 17:46:43,903 - Ignored SMS: *162*TxId:16813007600*S*Your payment of 2000 RWF to Bundles and Packs with token  has been completed...
2025-06-16 17:46:43,907 - Ignored SMS: *164*S*Y'ello,A transaction of 10000 RWF by Data Bundle MTN on your MOMO account was successfully co...
2025-06-16 17:46:43,914 - Ignored SMS: You Abebe Chala CHEBUDIE (*********036) have via agent: Agent Sophia (250788999999), withdrawn 50000...
2025-06-16 17:46:43,915 - Ignored SMS: You Abebe Chala CHEBUDIE (*********036) have via agent: Agent John (250788999999), withdrawn 24000 R...
2025-06-16 17:46:43,919 - Ignored SMS: *162*TxId:17140081149*S*Your payment of 2000 RWF to MTN Cash Power with token 50919-80431-28076-8513...
2025-06-16 17:46:43,920 - Ignored SMS: *164*S*Y'ello,A transaction of 5000 RWF by Data Bundle MTN on your MOMO account was successfully com...
2025-06-16 17:46:43,923 - Ignored SMS: *164*S*Y'ello,A transaction of 200 RWF by INFORMATION TECHNOLOGY  ENGINEERING CONSTRUCTION   ITEC Lt...
2025-06-16 17:46:43,926 - Ignored SMS: *164*S*Y'ello,A transaction of 300 RWF by INFORMATION TECHNOLOGY  ENGINEERING CONSTRUCTION   ITEC Lt...
2025-06-16 17:46:43,927 - Ignored SMS: *164*S*Y'ello,A transaction of 10000 RWF by Data Bundle MTN on your MOMO account was successfully co...
2025-06-16 17:46:43,930 - Ignored SMS: *164*S*Y'ello,A transaction of 400 RWF by INFORMATION TECHNOLOGY  ENGINEERING CONSTRUCTION   ITEC Lt...
2025-06-16 17:46:43,932 - Ignored SMS: *164*S*Y'ello,A transaction of 300 RWF by INFORMATION TECHNOLOGY  ENGINEERING CONSTRUCTION   ITEC Lt...
2025-06-16 17:46:43,934 - Ignored SMS: *164*S*Y'ello,A transaction of 900 RWF by INFORMATION TECHNOLOGY  ENGINEERING CONSTRUCTION   ITEC Lt...
2025-06-16 17:46:43,935 - Ignored SMS: *162*TxId:17344287393*S*Your payment of 4000 RWF to MTN Cash Power with token 13020-24529-63630-2767...
2025-06-16 17:46:43,937 - Ignored SMS: Yello!Umaze kugura 3000Frw=2500Mins+100SMS igura 3,000 RWF...
2025-06-16 17:46:43,939 - Ignored SMS: *162*TxId:17417124626*S*Your payment of 3000 RWF to Bundles and Packs with token  has been completed...
2025-06-16 17:46:43,942 - Ignored SMS: *164*S*Y'ello,A transaction of 10000 RWF by Data Bundle MTN on your MOMO account was successfully co...
2025-06-16 17:46:43,947 - Ignored SMS: *162*TxId:17708814651*S*Your payment of 10000 RWF to MTN Cash Power with token 55566-87602-29972-881...
2025-06-16 17:46:43,949 - Ignored SMS: *164*S*Y'ello,A transaction of 10000 RWF by Data Bundle MTN on your MOMO account was successfully co...
2025-06-16 17:46:43,951 - Ignored SMS: *162*TxId:17841214930*S*Your payment of 322726 RWF to WASAC with token 888931 has been completed at ...
2025-06-16 17:46:43,959 - Ignored SMS: *164*S*Y'ello,A transaction of 5000 RWF by Data Bundle MTN on your MOMO account was successfully com...
2025-06-16 17:46:43,961 - Ignored SMS: *162*TxId:18064613724*S*Your payment of 3000 RWF to Bundles and Packs with token  has been completed...
2025-06-16 17:46:43,961 - Ignored SMS: Yello!Umaze kugura 3000Frw=2500Mins+100SMS igura 3,000 RWF...
2025-06-16 17:46:43,963 - Ignored SMS: *164*S*Y'ello,A transaction of 10000 RWF by Data Bundle MTN on your MOMO account was successfully co...
